<?xml version="1.0" encoding="UTF-8"?>
<testng-results ignored="0" total="11" passed="9" failed="2" skipped="0">
  <reporter-output>
  </reporter-output>
  <suite started-at="2024-02-09T05:29:26 EET" name="Default suite" finished-at="2024-02-09T05:30:35 EET" duration-ms="68916">
    <groups>
    </groups>
    <test started-at="2024-02-09T05:29:26 EET" name="Default test" finished-at="2024-02-09T05:30:35 EET" duration-ms="68916">
      <class name="AlmosaferWeb.MyTestCases">
        <test-method is-config="true" signature="mySetup()[pri:0, instance:AlmosaferWeb.MyTestCases@26a4842b]" started-at="2024-02-09T05:29:26 EET" name="mySetup" finished-at="2024-02-09T05:29:55 EET" duration-ms="29257" status="PASS">
          <reporter-output>
          </reporter-output>
        </test-method> <!-- mySetup -->
        <test-method signature="CheckTheDeafultLanguageIsEnglish()[pri:1, instance:AlmosaferWeb.MyTestCases@26a4842b]" started-at="2024-02-09T05:29:55 EET" name="CheckTheDeafultLanguageIsEnglish" finished-at="2024-02-09T05:29:55 EET" duration-ms="44" status="PASS">
          <reporter-output>
          </reporter-output>
        </test-method> <!-- CheckTheDeafultLanguageIsEnglish -->
        <test-method signature="CheckTheDefaultCurrencyIsSAR()[pri:2, instance:AlmosaferWeb.MyTestCases@26a4842b]" started-at="2024-02-09T05:29:55 EET" name="CheckTheDefaultCurrencyIsSAR" finished-at="2024-02-09T05:29:55 EET" duration-ms="42" status="PASS">
          <reporter-output>
          </reporter-output>
        </test-method> <!-- CheckTheDefaultCurrencyIsSAR -->
        <test-method signature="CheckContactNumber()[pri:3, instance:AlmosaferWeb.MyTestCases@26a4842b]" started-at="2024-02-09T05:29:55 EET" name="CheckContactNumber" finished-at="2024-02-09T05:29:55 EET" duration-ms="25" status="PASS">
          <reporter-output>
          </reporter-output>
        </test-method> <!-- CheckContactNumber -->
        <test-method signature="CheckQitafLogo()[pri:4, instance:AlmosaferWeb.MyTestCases@26a4842b]" started-at="2024-02-09T05:29:55 EET" name="CheckQitafLogo" finished-at="2024-02-09T05:29:55 EET" duration-ms="42" status="PASS">
          <reporter-output>
          </reporter-output>
        </test-method> <!-- CheckQitafLogo -->
        <test-method signature="CheckHotelTabIsNotSelectedByDefault()[pri:5, instance:AlmosaferWeb.MyTestCases@26a4842b]" started-at="2024-02-09T05:29:55 EET" name="CheckHotelTabIsNotSelectedByDefault" finished-at="2024-02-09T05:29:56 EET" duration-ms="86" status="PASS">
          <reporter-output>
          </reporter-output>
        </test-method> <!-- CheckHotelTabIsNotSelectedByDefault -->
        <test-method signature="CheckDepatureDateAndReturnDate()[pri:6, instance:AlmosaferWeb.MyTestCases@26a4842b]" started-at="2024-02-09T05:29:56 EET" name="CheckDepatureDateAndReturnDate" finished-at="2024-02-09T05:29:56 EET" duration-ms="50" status="PASS">
          <reporter-output>
          </reporter-output>
        </test-method> <!-- CheckDepatureDateAndReturnDate -->
        <test-method signature="RandomMethodToChangeTheLanguage()[pri:7, instance:AlmosaferWeb.MyTestCases@26a4842b]" started-at="2024-02-09T05:29:56 EET" name="RandomMethodToChangeTheLanguage" finished-at="2024-02-09T05:29:57 EET" duration-ms="943" status="PASS">
          <reporter-output>
          </reporter-output>
        </test-method> <!-- RandomMethodToChangeTheLanguage -->
        <test-method signature="switchToHotelTab()[pri:8, instance:AlmosaferWeb.MyTestCases@26a4842b]" started-at="2024-02-09T05:29:57 EET" name="switchToHotelTab" finished-at="2024-02-09T05:29:57 EET" duration-ms="872" status="FAIL">
          <exception class="java.lang.AssertionError">
            <message>
              <![CDATA[expected [true] but found [false]]]>
            </message>
            <full-stacktrace>
              <![CDATA[java.lang.AssertionError: expected [true] but found [false]
at org.testng.Assert.fail(Assert.java:99)
at org.testng.Assert.failNotEquals(Assert.java:1037)
at org.testng.Assert.assertEqualsImpl(Assert.java:140)
at org.testng.Assert.assertEquals(Assert.java:122)
at org.testng.Assert.assertEquals(Assert.java:819)
at org.testng.Assert.assertEquals(Assert.java:829)
at AlmosaferWeb.MyTestCases.switchToHotelTab(MyTestCases.java:154)
at java.base/jdk.internal.reflect.DirectMethodHandleAccessor.invoke(DirectMethodHandleAccessor.java:103)
at java.base/java.lang.reflect.Method.invoke(Method.java:580)
at org.testng.internal.MethodInvocationHelper.invokeMethod(MethodInvocationHelper.java:133)
at org.testng.internal.TestInvoker.invokeMethod(TestInvoker.java:598)
at org.testng.internal.TestInvoker.invokeTestMethod(TestInvoker.java:173)
at org.testng.internal.MethodRunner.runInSequence(MethodRunner.java:46)
at org.testng.internal.TestInvoker$MethodInvocationAgent.invoke(TestInvoker.java:824)
at org.testng.internal.TestInvoker.invokeTestMethods(TestInvoker.java:146)
at org.testng.internal.TestMethodWorker.invokeTestMethods(TestMethodWorker.java:146)
at org.testng.internal.TestMethodWorker.run(TestMethodWorker.java:128)
at java.base/java.util.ArrayList.forEach(ArrayList.java:1596)
at org.testng.TestRunner.privateRun(TestRunner.java:794)
at org.testng.TestRunner.run(TestRunner.java:596)
at org.testng.SuiteRunner.runTest(SuiteRunner.java:377)
at org.testng.SuiteRunner.runSequentially(SuiteRunner.java:371)
at org.testng.SuiteRunner.privateRun(SuiteRunner.java:332)
at org.testng.SuiteRunner.run(SuiteRunner.java:276)
at org.testng.SuiteRunnerWorker.runSuite(SuiteRunnerWorker.java:53)
at org.testng.SuiteRunnerWorker.run(SuiteRunnerWorker.java:96)
at org.testng.TestNG.runSuitesSequentially(TestNG.java:1212)
at org.testng.TestNG.runSuitesLocally(TestNG.java:1134)
at org.testng.TestNG.runSuites(TestNG.java:1063)
at org.testng.TestNG.run(TestNG.java:1031)
at org.testng.remote.AbstractRemoteTestNG.run(AbstractRemoteTestNG.java:115)
at org.testng.remote.RemoteTestNG.initAndRun(RemoteTestNG.java:251)
at org.testng.remote.RemoteTestNG.main(RemoteTestNG.java:77)
]]>
            </full-stacktrace>
          </exception> <!-- java.lang.AssertionError -->
          <reporter-output>
          </reporter-output>
        </test-method> <!-- switchToHotelTab -->
        <test-method signature="randomlySelectThevistorNumber()[pri:9, instance:AlmosaferWeb.MyTestCases@26a4842b]" started-at="2024-02-09T05:29:57 EET" name="randomlySelectThevistorNumber" finished-at="2024-02-09T05:30:03 EET" duration-ms="5909" status="PASS">
          <reporter-output>
          </reporter-output>
        </test-method> <!-- randomlySelectThevistorNumber -->
        <test-method signature="makeSurePageIsFullyLoaded()[pri:10, instance:AlmosaferWeb.MyTestCases@26a4842b]" started-at="2024-02-09T05:30:03 EET" name="makeSurePageIsFullyLoaded" finished-at="2024-02-09T05:30:29 EET" duration-ms="25855" status="FAIL">
          <exception class="java.lang.AssertionError">
            <message>
              <![CDATA[expected [true] but found [false]]]>
            </message>
            <full-stacktrace>
              <![CDATA[java.lang.AssertionError: expected [true] but found [false]
at org.testng.Assert.fail(Assert.java:99)
at org.testng.Assert.failNotEquals(Assert.java:1037)
at org.testng.Assert.assertEqualsImpl(Assert.java:140)
at org.testng.Assert.assertEquals(Assert.java:122)
at org.testng.Assert.assertEquals(Assert.java:819)
at org.testng.Assert.assertEquals(Assert.java:829)
at AlmosaferWeb.MyTestCases.makeSurePageIsFullyLoaded(MyTestCases.java:191)
at java.base/jdk.internal.reflect.DirectMethodHandleAccessor.invoke(DirectMethodHandleAccessor.java:103)
at java.base/java.lang.reflect.Method.invoke(Method.java:580)
at org.testng.internal.MethodInvocationHelper.invokeMethod(MethodInvocationHelper.java:133)
at org.testng.internal.TestInvoker.invokeMethod(TestInvoker.java:598)
at org.testng.internal.TestInvoker.invokeTestMethod(TestInvoker.java:173)
at org.testng.internal.MethodRunner.runInSequence(MethodRunner.java:46)
at org.testng.internal.TestInvoker$MethodInvocationAgent.invoke(TestInvoker.java:824)
at org.testng.internal.TestInvoker.invokeTestMethods(TestInvoker.java:146)
at org.testng.internal.TestMethodWorker.invokeTestMethods(TestMethodWorker.java:146)
at org.testng.internal.TestMethodWorker.run(TestMethodWorker.java:128)
at java.base/java.util.ArrayList.forEach(ArrayList.java:1596)
at org.testng.TestRunner.privateRun(TestRunner.java:794)
at org.testng.TestRunner.run(TestRunner.java:596)
at org.testng.SuiteRunner.runTest(SuiteRunner.java:377)
at org.testng.SuiteRunner.runSequentially(SuiteRunner.java:371)
at org.testng.SuiteRunner.privateRun(SuiteRunner.java:332)
at org.testng.SuiteRunner.run(SuiteRunner.java:276)
at org.testng.SuiteRunnerWorker.runSuite(SuiteRunnerWorker.java:53)
at org.testng.SuiteRunnerWorker.run(SuiteRunnerWorker.java:96)
at org.testng.TestNG.runSuitesSequentially(TestNG.java:1212)
at org.testng.TestNG.runSuitesLocally(TestNG.java:1134)
at org.testng.TestNG.runSuites(TestNG.java:1063)
at org.testng.TestNG.run(TestNG.java:1031)
at org.testng.remote.AbstractRemoteTestNG.run(AbstractRemoteTestNG.java:115)
at org.testng.remote.RemoteTestNG.initAndRun(RemoteTestNG.java:251)
at org.testng.remote.RemoteTestNG.main(RemoteTestNG.java:77)
]]>
            </full-stacktrace>
          </exception> <!-- java.lang.AssertionError -->
          <reporter-output>
          </reporter-output>
        </test-method> <!-- makeSurePageIsFullyLoaded -->
        <test-method signature="sortTheItemsBasedOnThePrice()[pri:11, instance:AlmosaferWeb.MyTestCases@26a4842b]" started-at="2024-02-09T05:30:29 EET" name="sortTheItemsBasedOnThePrice" finished-at="2024-02-09T05:30:35 EET" duration-ms="5744" status="PASS">
          <reporter-output>
          </reporter-output>
        </test-method> <!-- sortTheItemsBasedOnThePrice -->
        <test-method is-config="true" signature="myPostTest()[pri:0, instance:AlmosaferWeb.MyTestCases@26a4842b]" started-at="2024-02-09T05:30:35 EET" name="myPostTest" finished-at="2024-02-09T05:30:35 EET" duration-ms="1" status="PASS">
          <reporter-output>
          </reporter-output>
        </test-method> <!-- myPostTest -->
      </class> <!-- AlmosaferWeb.MyTestCases -->
    </test> <!-- Default test -->
  </suite> <!-- Default suite -->
</testng-results>
